<?xml version="1.0" encoding="UTF-8"?>
<!-- Generated by org.testng.reporters.JUnitXMLReporter -->
<testsuite ignored="0" hostname="KADITPC062024-1" failures="6" tests="8" name="Test" time="129.789" errors="0" timestamp="2025-01-02T15:25:39 IST">
  <testcase classname="sevilai_Test.Login_NegativeTest" name="testNegativeLogin" time="1.683">
    <failure type="java.lang.AssertionError" message="Expected error message to contain: &amp;apos;User does not exist&amp;apos;, but got: &amp;apos;Login Failed!
Every field must be filled in 17%&amp;apos; expected [true] but found [false]">
      <![CDATA[java.lang.AssertionError: Expected error message to contain: 'User does not exist', but got: 'Login Failed!
Every field must be filled in 17%' expected [true] but found [false]
at sevilai_Test.Login_NegativeTest.testNegativeLogin(Login_NegativeTest.java:95)
at java.base/java.util.ArrayList.forEach(ArrayList.java:1511)
... Removed 30 stack frames]]>
    </failure>
  </testcase> <!-- testNegativeLogin -->
  <testcase classname="sevilai_Test.Login_NegativeTest" name="testNegativeLogin" time="1.635">
    <failure type="java.lang.AssertionError" message="Expected error message to contain: &amp;apos;Incorrect password&amp;apos;, but got: &amp;apos;Login Failed!
Every field must be filled in 18%&amp;apos; expected [true] but found [false]">
      <![CDATA[java.lang.AssertionError: Expected error message to contain: 'Incorrect password', but got: 'Login Failed!
Every field must be filled in 18%' expected [true] but found [false]
at sevilai_Test.Login_NegativeTest.testNegativeLogin(Login_NegativeTest.java:95)
at java.base/java.util.ArrayList.forEach(ArrayList.java:1511)
... Removed 30 stack frames]]>
    </failure>
  </testcase> <!-- testNegativeLogin -->
  <testcase classname="sevilai_Test.Login_NegativeTest" name="testNegativeLogin" time="1.478">
    <failure type="java.lang.AssertionError" message="Expected error message to contain: &amp;apos;User does not exist&amp;apos;, but got: &amp;apos;Login Failed!
Every field must be filled in 18%&amp;apos; expected [true] but found [false]">
      <![CDATA[java.lang.AssertionError: Expected error message to contain: 'User does not exist', but got: 'Login Failed!
Every field must be filled in 18%' expected [true] but found [false]
at sevilai_Test.Login_NegativeTest.testNegativeLogin(Login_NegativeTest.java:95)
at java.base/java.util.ArrayList.forEach(ArrayList.java:1511)
... Removed 30 stack frames]]>
    </failure>
  </testcase> <!-- testNegativeLogin -->
  <testcase classname="sevilai_Test.Login_NegativeTest" name="testNegativeLogin" time="5.968"/>
  <testcase classname="sevilai_Test.Login_NegativeTest" name="testNegativeLogin" time="4.399"/>
  <testcase classname="sevilai_Test.Login_NegativeTest" name="testNegativeLogin" time="40.027">
    <failure type="org.openqa.selenium.TimeoutException" message="Expected condition failed: waiting for element to be clickable: By.xpath: //input[@aria-label=&amp;apos;Username&amp;apos;] (tried for 40 second(s) with 500 milliseconds interval)
Build info: version: &amp;apos;4.25.0&amp;apos;, revision: &amp;apos;8a8aea2337&amp;apos;
System info: os.name: &amp;apos;Windows 11&amp;apos;, os.arch: &amp;apos;amd64&amp;apos;, os.version: &amp;apos;10.0&amp;apos;, java.version: &amp;apos;17.0.12&amp;apos;
Driver info: org.openqa.selenium.edge.EdgeDriver
Capabilities {acceptInsecureCerts: false, browserName: MicrosoftEdge, browserVersion: 131.0.2903.112, fedcm:accounts: true, ms:edgeOptions: {debuggerAddress: localhost:55973}, msedge: {msedgedriverVersion: 131.0.2903.112 (16ab910a6e7..., userDataDir: C:\Users\KADIT\AppData\Loca...}, networkConnectionEnabled: false, pageLoadStrategy: normal, platformName: windows, proxy: Proxy(), se:cdp: ws://localhost:55973/devtoo..., se:cdpVersion: 131.0.2903.112, setWindowRect: true, strictFileInteractability: false, timeouts: {implicit: 0, pageLoad: 300000, script: 30000}, unhandledPromptBehavior: dismiss and notify, webauthn:extension:credBlob: true, webauthn:extension:largeBlob: true, webauthn:extension:minPinLength: true, webauthn:extension:prf: true, webauthn:virtualAuthenticators: true}
Session ID: c9c15c2ef1e0149b5706d38ac93aee07">
      <![CDATA[org.openqa.selenium.TimeoutException: Expected condition failed: waiting for element to be clickable: By.xpath: //input[@aria-label='Username'] (tried for 40 second(s) with 500 milliseconds interval)
Build info: version: '4.25.0', revision: '8a8aea2337'
System info: os.name: 'Windows 11', os.arch: 'amd64', os.version: '10.0', java.version: '17.0.12'
Driver info: org.openqa.selenium.edge.EdgeDriver
Capabilities {acceptInsecureCerts: false, browserName: MicrosoftEdge, browserVersion: 131.0.2903.112, fedcm:accounts: true, ms:edgeOptions: {debuggerAddress: localhost:55973}, msedge: {msedgedriverVersion: 131.0.2903.112 (16ab910a6e7..., userDataDir: C:\Users\KADIT\AppData\Loca...}, networkConnectionEnabled: false, pageLoadStrategy: normal, platformName: windows, proxy: Proxy(), se:cdp: ws://localhost:55973/devtoo..., se:cdpVersion: 131.0.2903.112, setWindowRect: true, strictFileInteractability: false, timeouts: {implicit: 0, pageLoad: 300000, script: 30000}, unhandledPromptBehavior: dismiss and notify, webauthn:extension:credBlob: true, webauthn:extension:largeBlob: true, webauthn:extension:minPinLength: true, webauthn:extension:prf: true, webauthn:virtualAuthenticators: true}
Session ID: c9c15c2ef1e0149b5706d38ac93aee07
at org.openqa.selenium.support.ui.WebDriverWait.timeoutException(WebDriverWait.java:84)
at org.openqa.selenium.support.ui.FluentWait.until(FluentWait.java:228)
at sevilai_Test.Login_NegativeTest.testNegativeLogin(Login_NegativeTest.java:67)
at java.base/java.util.ArrayList.forEach(ArrayList.java:1511)
... Removed 27 stack frames]]>
    </failure>
  </testcase> <!-- testNegativeLogin -->
  <testcase classname="sevilai_Test.Login_NegativeTest" name="testNegativeLogin" time="3.276">
    <failure type="java.lang.AssertionError" message="Expected error message to contain: &amp;apos;Please enter a valid Email&amp;apos;, but got: &amp;apos;Login Failed!
Every field must be filled in 17%&amp;apos; expected [true] but found [false]">
      <![CDATA[java.lang.AssertionError: Expected error message to contain: 'Please enter a valid Email', but got: 'Login Failed!
Every field must be filled in 17%' expected [true] but found [false]
at sevilai_Test.Login_NegativeTest.testNegativeLogin(Login_NegativeTest.java:95)
at java.base/java.util.ArrayList.forEach(ArrayList.java:1511)
... Removed 30 stack frames]]>
    </failure>
  </testcase> <!-- testNegativeLogin -->
  <testcase classname="sevilai_Test.Login_NegativeTest" name="testNegativeLogin" time="1.635">
    <failure type="java.lang.AssertionError" message="Expected error message to contain: &amp;apos;Please enter a valid Email&amp;apos;, but got: &amp;apos;Login Failed!
Every field must be filled in 18%&amp;apos; expected [true] but found [false]">
      <![CDATA[java.lang.AssertionError: Expected error message to contain: 'Please enter a valid Email', but got: 'Login Failed!
Every field must be filled in 18%' expected [true] but found [false]
at sevilai_Test.Login_NegativeTest.testNegativeLogin(Login_NegativeTest.java:95)
at java.base/java.util.ArrayList.forEach(ArrayList.java:1511)
... Removed 30 stack frames]]>
    </failure>
  </testcase> <!-- testNegativeLogin -->
</testsuite> <!-- Test -->
