<?xml version="1.0" encoding="UTF-8"?>
<!-- Generated by org.testng.reporters.JUnitReportReporter -->
<testsuite hostname="KADITPC062024-1" failures="0" tests="2" name="sevilai_Test.Company_Add" time="28.461" errors="1" timestamp="2025-01-16T17:18:27 IST" skipped="0">
  <testcase classname="sevilai_Test.Company_Add" name="companyadd" time="21.870">
    <error message="element click intercepted: Element &lt;flt-semantics id=&quot;flt-semantic-node-271&quot; role=&quot;button&quot; tabindex=&quot;0&quot; flt-tappable=&quot;&quot; style=&quot;position: absolute; overflow: visible; width: 98.6667px; height: 52px; transform-origin: 0px 0px 0px; transform: matrix(1, 0, 0, 1, 16, 156); pointer-events: all; z-index: 25;&quot;&gt;...&lt;/flt-semantics&gt; is not clickable at point (733, 268). Other element would receive the click: &lt;flt-semantics id=&quot;flt-semantic-node-262&quot; role=&quot;button&quot; tabindex=&quot;0&quot; flt-tappable=&quot;&quot; style=&quot;position: absolute; overflow: visible; width: 98.6667px; height: 52px; transform-origin: 0px 0px 0px; transform: matrix(1, 0, 0, 1, 16, 0); pointer-events: all; z-index: 16;&quot;&gt;...&lt;/flt-semantics&gt;
  (Session info: MicrosoftEdge=131.0.2903.146)
Build info: version: &#039;4.25.0&#039;, revision: &#039;8a8aea2337&#039;
System info: os.name: &#039;Windows 11&#039;, os.arch: &#039;amd64&#039;, os.version: &#039;10.0&#039;, java.version: &#039;17.0.12&#039;
Driver info: org.openqa.selenium.edge.EdgeDriver
Command: [11767377167a3d7e3c135964a21e2b1f, clickElement {id=f.593F3126C2B013FA735843A770248D5C.d.C633894A672E2CBB1A28D75B22AC1E90.e.47}]
Capabilities {acceptInsecureCerts: false, browserName: MicrosoftEdge, browserVersion: 131.0.2903.146, fedcm:accounts: true, ms:edgeOptions: {debuggerAddress: localhost:56145}, msedge: {msedgedriverVersion: 131.0.2903.146 (99fcb90c1ee..., userDataDir: C:\Users\KADIT\AppData\Loca...}, networkConnectionEnabled: false, pageLoadStrategy: normal, platformName: windows, proxy: Proxy(), se:cdp: ws://localhost:56145/devtoo..., se:cdpVersion: 131.0.2903.146, setWindowRect: true, strictFileInteractability: false, timeouts: {implicit: 0, pageLoad: 300000, script: 30000}, unhandledPromptBehavior: dismiss and notify, webauthn:extension:credBlob: true, webauthn:extension:largeBlob: true, webauthn:extension:minPinLength: true, webauthn:extension:prf: true, webauthn:virtualAuthenticators: true}
Element: [[EdgeDriver: MicrosoftEdge on windows (11767377167a3d7e3c135964a21e2b1f)] -&gt; xpath: //flt-semantics[contains(text(),&#039;2026&#039;)]]
Session ID: 11767377167a3d7e3c135964a21e2b1f" type="org.openqa.selenium.ElementClickInterceptedException">
      <![CDATA[org.openqa.selenium.ElementClickInterceptedException: element click intercepted: Element <flt-semantics id="flt-semantic-node-271" role="button" tabindex="0" flt-tappable="" style="position: absolute; overflow: visible; width: 98.6667px; height: 52px; transform-origin: 0px 0px 0px; transform: matrix(1, 0, 0, 1, 16, 156); pointer-events: all; z-index: 25;">...</flt-semantics> is not clickable at point (733, 268). Other element would receive the click: <flt-semantics id="flt-semantic-node-262" role="button" tabindex="0" flt-tappable="" style="position: absolute; overflow: visible; width: 98.6667px; height: 52px; transform-origin: 0px 0px 0px; transform: matrix(1, 0, 0, 1, 16, 0); pointer-events: all; z-index: 16;">...</flt-semantics>
  (Session info: MicrosoftEdge=131.0.2903.146)
Build info: version: '4.25.0', revision: '8a8aea2337'
System info: os.name: 'Windows 11', os.arch: 'amd64', os.version: '10.0', java.version: '17.0.12'
Driver info: org.openqa.selenium.edge.EdgeDriver
Command: [11767377167a3d7e3c135964a21e2b1f, clickElement {id=f.593F3126C2B013FA735843A770248D5C.d.C633894A672E2CBB1A28D75B22AC1E90.e.47}]
Capabilities {acceptInsecureCerts: false, browserName: MicrosoftEdge, browserVersion: 131.0.2903.146, fedcm:accounts: true, ms:edgeOptions: {debuggerAddress: localhost:56145}, msedge: {msedgedriverVersion: 131.0.2903.146 (99fcb90c1ee..., userDataDir: C:\Users\KADIT\AppData\Loca...}, networkConnectionEnabled: false, pageLoadStrategy: normal, platformName: windows, proxy: Proxy(), se:cdp: ws://localhost:56145/devtoo..., se:cdpVersion: 131.0.2903.146, setWindowRect: true, strictFileInteractability: false, timeouts: {implicit: 0, pageLoad: 300000, script: 30000}, unhandledPromptBehavior: dismiss and notify, webauthn:extension:credBlob: true, webauthn:extension:largeBlob: true, webauthn:extension:minPinLength: true, webauthn:extension:prf: true, webauthn:virtualAuthenticators: true}
Element: [[EdgeDriver: MicrosoftEdge on windows (11767377167a3d7e3c135964a21e2b1f)] -> xpath: //flt-semantics[contains(text(),'2026')]]
Session ID: 11767377167a3d7e3c135964a21e2b1f
at java.base/jdk.internal.reflect.NativeConstructorAccessorImpl.newInstance0(Native Method)
at java.base/jdk.internal.reflect.NativeConstructorAccessorImpl.newInstance(NativeConstructorAccessorImpl.java:77)
at java.base/jdk.internal.reflect.DelegatingConstructorAccessorImpl.newInstance(DelegatingConstructorAccessorImpl.java:45)
at java.base/java.lang.reflect.Constructor.newInstanceWithCaller(Constructor.java:499)
at java.base/java.lang.reflect.Constructor.newInstance(Constructor.java:480)
at org.openqa.selenium.remote.ErrorCodec.decode(ErrorCodec.java:167)
at org.openqa.selenium.remote.codec.w3c.W3CHttpResponseCodec.decode(W3CHttpResponseCodec.java:138)
at org.openqa.selenium.remote.codec.w3c.W3CHttpResponseCodec.decode(W3CHttpResponseCodec.java:50)
at org.openqa.selenium.remote.HttpCommandExecutor.execute(HttpCommandExecutor.java:190)
at org.openqa.selenium.remote.service.DriverCommandExecutor.invokeExecute(DriverCommandExecutor.java:216)
at org.openqa.selenium.remote.service.DriverCommandExecutor.execute(DriverCommandExecutor.java:174)
at org.openqa.selenium.remote.RemoteWebDriver.execute(RemoteWebDriver.java:545)
at org.openqa.selenium.remote.RemoteWebElement.execute(RemoteWebElement.java:223)
at org.openqa.selenium.remote.RemoteWebElement.click(RemoteWebElement.java:76)
at sevilai_Test.Company_Add.companyadd(Company_Add.java:80)
at java.base/jdk.internal.reflect.NativeMethodAccessorImpl.invoke0(Native Method)
at java.base/jdk.internal.reflect.NativeMethodAccessorImpl.invoke(NativeMethodAccessorImpl.java:77)
at java.base/jdk.internal.reflect.DelegatingMethodAccessorImpl.invoke(DelegatingMethodAccessorImpl.java:43)
at java.base/java.lang.reflect.Method.invoke(Method.java:568)
at org.testng.internal.invokers.MethodInvocationHelper.invokeMethod(MethodInvocationHelper.java:141)
at org.testng.internal.invokers.TestInvoker.invokeMethod(TestInvoker.java:686)
at org.testng.internal.invokers.TestInvoker.invokeTestMethod(TestInvoker.java:230)
at org.testng.internal.invokers.MethodRunner.runInSequence(MethodRunner.java:63)
at org.testng.internal.invokers.TestInvoker$MethodInvocationAgent.invoke(TestInvoker.java:992)
at org.testng.internal.invokers.TestInvoker.invokeTestMethods(TestInvoker.java:203)
at org.testng.internal.invokers.TestMethodWorker.invokeTestMethods(TestMethodWorker.java:154)
at org.testng.internal.invokers.TestMethodWorker.run(TestMethodWorker.java:134)
at java.base/java.util.ArrayList.forEach(ArrayList.java:1511)
at org.testng.TestRunner.privateRun(TestRunner.java:739)
at org.testng.TestRunner.run(TestRunner.java:614)
at org.testng.SuiteRunner.runTest(SuiteRunner.java:421)
at org.testng.SuiteRunner.runSequentially(SuiteRunner.java:413)
at org.testng.SuiteRunner.privateRun(SuiteRunner.java:373)
at org.testng.SuiteRunner.run(SuiteRunner.java:312)
at org.testng.SuiteRunnerWorker.runSuite(SuiteRunnerWorker.java:52)
at org.testng.SuiteRunnerWorker.run(SuiteRunnerWorker.java:95)
at org.testng.TestNG.runSuitesSequentially(TestNG.java:1274)
at org.testng.TestNG.runSuitesLocally(TestNG.java:1208)
at org.testng.TestNG.runSuites(TestNG.java:1112)
at org.testng.TestNG.run(TestNG.java:1079)
at org.testng.remote.AbstractRemoteTestNG.run(AbstractRemoteTestNG.java:115)
at org.testng.remote.RemoteTestNG.initAndRun(RemoteTestNG.java:293)
at org.testng.remote.RemoteTestNG.main(RemoteTestNG.java:91)
]]>
    </error>
    <system-out>
      <![CDATA[PASSED: Company page is successfully loaded with URL: https://staging.sevilaitech.app/home/company
The 'Add Company' form is successfully opened.]]>
    </system-out>
  </testcase> <!-- companyadd -->
  <testcase classname="sevilai_Test.Company_Add" name="testLogin" time="6.591"/>
  <system-out>
    <![CDATA[PASSED: Company page is successfully loaded with URL: https://staging.sevilaitech.app/home/company
The 'Add Company' form is successfully opened.]]>
  </system-out>
</testsuite> <!-- sevilai_Test.Company_Add -->
